# JRE version: Java(TM) SE Runtime Environment (8.0_31-b13) (build 1.8.0_31-b13)
# Java VM: Java HotSpot(TM) 64-Bit Server VM (25.31-b07 mixed mode windows-amd64 compressed oops)
Heap:
 PSYoungGen      total 34816K, used 28834K [0x00000000eab00000, 0x00000000f0100000, 0x0000000100000000)
  eden space 32256K, 82% used [0x00000000eab00000,0x00000000ec4ee798,0x00000000eca80000)
  from space 2560K, 89% used [0x00000000eca80000,0x00000000eccba168,0x00000000ecd00000)
  to   space 21504K, 0% used [0x00000000eec00000,0x00000000eec00000,0x00000000f0100000)
 ParOldGen       total 57856K, used 33659K [0x00000000c0000000, 0x00000000c3880000, 0x00000000eab00000)
  object space 57856K, 58% used [0x00000000c0000000,0x00000000c20def20,0x00000000c3880000)
 Metaspace       used 17322K, capacity 17466K, committed 17792K, reserved 1064960K
  class space    used 2047K, capacity 2117K, committed 2176K, reserved 1048576K
GC Heap History (10 events):
Event: 0.936 GC heap before
{Heap before GC invocations=2 (full 0):
 PSYoungGen      total 18944K, used 15324K [0x00000000eab00000, 0x00000000ec000000, 0x0000000100000000)
  eden space 16384K, 77% used [0x00000000eab00000,0x00000000eb7789d0,0x00000000ebb00000)
  from space 2560K, 99% used [0x00000000ebb00000,0x00000000ebd7e830,0x00000000ebd80000)
  to   space 2560K, 0% used [0x00000000ebd80000,0x00000000ebd80000,0x00000000ec000000)
 ParOldGen       total 44032K, used 2267K [0x00000000c0000000, 0x00000000c2b00000, 0x00000000eab00000)
  object space 44032K, 5% used [0x00000000c0000000,0x00000000c0236d10,0x00000000c2b00000)
 Metaspace       used 9911K, capacity 10090K, committed 10240K, reserved 1058816K
  class space    used 1156K, capacity 1219K, committed 1280K, reserved 1048576K
Event: 0.945 GC heap after
Heap after GC invocations=2 (full 0):
 PSYoungGen      total 18944K, used 2546K [0x00000000eab00000, 0x00000000ed000000, 0x0000000100000000)
  eden space 16384K, 0% used [0x00000000eab00000,0x00000000eab00000,0x00000000ebb00000)
  from space 2560K, 99% used [0x00000000ebd80000,0x00000000ebffc820,0x00000000ec000000)
  to   space 2560K, 0% used [0x00000000ebb00000,0x00000000ebb00000,0x00000000ebd80000)
 ParOldGen       total 44032K, used 10968K [0x00000000c0000000, 0x00000000c2b00000, 0x00000000eab00000)
  object space 44032K, 24% used [0x00000000c0000000,0x00000000c0ab6090,0x00000000c2b00000)
 Metaspace       used 9911K, capacity 10090K, committed 10240K, reserved 1058816K
  class space    used 1156K, capacity 1219K, committed 1280K, reserved 1048576K
}
Event: 1.024 GC heap before
{Heap before GC invocations=3 (full 0):
 PSYoungGen      total 18944K, used 18267K [0x00000000eab00000, 0x00000000ed000000, 0x0000000100000000)
  eden space 16384K, 95% used [0x00000000eab00000,0x00000000eba5a420,0x00000000ebb00000)
  from space 2560K, 99% used [0x00000000ebd80000,0x00000000ebffc820,0x00000000ec000000)
  to   space 2560K, 0% used [0x00000000ebb00000,0x00000000ebb00000,0x00000000ebd80000)
 ParOldGen       total 44032K, used 10968K [0x00000000c0000000, 0x00000000c2b00000, 0x00000000eab00000)
  object space 44032K, 24% used [0x00000000c0000000,0x00000000c0ab6090,0x00000000c2b00000)
 Metaspace       used 9942K, capacity 10090K, committed 10240K, reserved 1058816K
  class space    used 1159K, capacity 1219K, committed 1280K, reserved 1048576K
Event: 1.036 GC heap after
Heap after GC invocations=3 (full 0):
 PSYoungGen      total 18944K, used 2546K [0x00000000eab00000, 0x00000000ed000000, 0x0000000100000000)
  eden space 16384K, 0% used [0x00000000eab00000,0x00000000eab00000,0x00000000ebb00000)
  from space 2560K, 99% used [0x00000000ebb00000,0x00000000ebd7c820,0x00000000ebd80000)
  to   space 2560K, 0% used [0x00000000ecd80000,0x00000000ecd80000,0x00000000ed000000)
 ParOldGen       total 44032K, used 26577K [0x00000000c0000000, 0x00000000c2b00000, 0x00000000eab00000)
  object space 44032K, 60% used [0x00000000c0000000,0x00000000c19f4500,0x00000000c2b00000)
 Metaspace       used 9942K, capacity 10090K, committed 10240K, reserved 1058816K
  class space    used 1159K, capacity 1219K, committed 1280K, reserved 1048576K
}
Event: 1.036 GC heap before
{Heap before GC invocations=4 (full 1):
 PSYoungGen      total 18944K, used 2546K [0x00000000eab00000, 0x00000000ed000000, 0x0000000100000000)
  eden space 16384K, 0% used [0x00000000eab00000,0x00000000eab00000,0x00000000ebb00000)
  from space 2560K, 99% used [0x00000000ebb00000,0x00000000ebd7c820,0x00000000ebd80000)
  to   space 2560K, 0% used [0x00000000ecd80000,0x00000000ecd80000,0x00000000ed000000)
 ParOldGen       total 44032K, used 26577K [0x00000000c0000000, 0x00000000c2b00000, 0x00000000eab00000)
  object space 44032K, 60% used [0x00000000c0000000,0x00000000c19f4500,0x00000000c2b00000)
 Metaspace       used 9942K, capacity 10090K, committed 10240K, reserved 1058816K
  class space    used 1159K, capacity 1219K, committed 1280K, reserved 1048576K
Event: 1.067 GC heap after
Heap after GC invocations=4 (full 1):
 PSYoungGen      total 18944K, used 0K [0x00000000eab00000, 0x00000000ed000000, 0x0000000100000000)
  eden space 16384K, 0% used [0x00000000eab00000,0x00000000eab00000,0x00000000ebb00000)
  from space 2560K, 0% used [0x00000000ebb00000,0x00000000ebb00000,0x00000000ebd80000)
  to   space 2560K, 0% used [0x00000000ecd80000,0x00000000ecd80000,0x00000000ed000000)
 ParOldGen       total 57856K, used 17571K [0x00000000c0000000, 0x00000000c3880000, 0x00000000eab00000)
  object space 57856K, 30% used [0x00000000c0000000,0x00000000c1128f40,0x00000000c3880000)
 Metaspace       used 9941K, capacity 10088K, committed 10240K, reserved 1058816K
  class space    used 1158K, capacity 1218K, committed 1280K, reserved 1048576K
}
Event: 1.212 GC heap before
{Heap before GC invocations=5 (full 1):
 PSYoungGen      total 18944K, used 16384K [0x00000000eab00000, 0x00000000ed000000, 0x0000000100000000)
  eden space 16384K, 100% used [0x00000000eab00000,0x00000000ebb00000,0x00000000ebb00000)
  from space 2560K, 0% used [0x00000000ebb00000,0x00000000ebb00000,0x00000000ebd80000)
  to   space 2560K, 0% used [0x00000000ecd80000,0x00000000ecd80000,0x00000000ed000000)
 ParOldGen       total 57856K, used 17571K [0x00000000c0000000, 0x00000000c3880000, 0x00000000eab00000)
  object space 57856K, 30% used [0x00000000c0000000,0x00000000c1128f40,0x00000000c3880000)
 Metaspace       used 10059K, capacity 10216K, committed 10496K, reserved 1058816K
  class space    used 1170K, capacity 1218K, committed 1280K, reserved 1048576K
Event: 1.220 GC heap after
Heap after GC invocations=5 (full 1):
 PSYoungGen      total 29696K, used 2029K [0x00000000eab00000, 0x00000000ecf80000, 0x0000000100000000)
  eden space 27648K, 0% used [0x00000000eab00000,0x00000000eab00000,0x00000000ec600000)
  from space 2048K, 99% used [0x00000000ecd80000,0x00000000ecf7b478,0x00000000ecf80000)
  to   space 2560K, 0% used [0x00000000eca80000,0x00000000eca80000,0x00000000ecd00000)
 ParOldGen       total 57856K, used 28950K [0x00000000c0000000, 0x00000000c3880000, 0x00000000eab00000)
  object space 57856K, 50% used [0x00000000c0000000,0x00000000c1c45b40,0x00000000c3880000)
 Metaspace       used 10059K, capacity 10216K, committed 10496K, reserved 1058816K
  class space    used 1170K, capacity 1218K, committed 1280K, reserved 1048576K
}
Event: 3.665 GC heap before
{Heap before GC invocations=6 (full 1):
 PSYoungGen      total 29696K, used 29677K [0x00000000eab00000, 0x00000000ecf80000, 0x0000000100000000)
  eden space 27648K, 100% used [0x00000000eab00000,0x00000000ec600000,0x00000000ec600000)
  from space 2048K, 99% used [0x00000000ecd80000,0x00000000ecf7b478,0x00000000ecf80000)
  to   space 2560K, 0% used [0x00000000eca80000,0x00000000eca80000,0x00000000ecd00000)
 ParOldGen       total 57856K, used 28950K [0x00000000c0000000, 0x00000000c3880000, 0x00000000eab00000)
  object space 57856K, 50% used [0x00000000c0000000,0x00000000c1c45b40,0x00000000c3880000)
 Metaspace       used 11663K, capacity 11816K, committed 12160K, reserved 1060864K
  class space    used 1476K, capacity 1538K, committed 1664K, reserved 1048576K
Event: 3.670 GC heap after
Heap after GC invocations=6 (full 1):
 PSYoungGen      total 34816K, used 2280K [0x00000000eab00000, 0x00000000f0100000, 0x0000000100000000)
  eden space 32256K, 0% used [0x00000000eab00000,0x00000000eab00000,0x00000000eca80000)
  from space 2560K, 89% used [0x00000000eca80000,0x00000000eccba168,0x00000000ecd00000)
  to   space 21504K, 0% used [0x00000000eec00000,0x00000000eec00000,0x00000000f0100000)
 ParOldGen       total 57856K, used 33659K [0x00000000c0000000, 0x00000000c3880000, 0x00000000eab00000)
  object space 57856K, 58% used [0x00000000c0000000,0x00000000c20def20,0x00000000c3880000)
 Metaspace       used 11663K, capacity 11816K, committed 12160K, reserved 1060864K
  class space    used 1476K, capacity 1538K, committed 1664K, reserved 1048576K
}

